<?xml version="1.0" encoding="UTF-8" ?>
<testsuite tests="1" failures="0" name="org.bpmnwithactiviti.chapter4.api.RuntimeServiceTest" time="0.593" errors="1" skipped="0">
  <properties>
    <property name="java.runtime.name" value="Java(TM) SE Runtime Environment"/>
    <property name="sun.boot.library.path" value="C:\Program Files\Java\jdk1.8.0_05\jre\bin"/>
    <property name="java.vm.version" value="25.5-b02"/>
    <property name="java.vm.vendor" value="Oracle Corporation"/>
    <property name="java.vendor.url" value="http://java.oracle.com/"/>
    <property name="path.separator" value=";"/>
    <property name="guice.disable.misplaced.annotation.check" value="true"/>
    <property name="java.vm.name" value="Java HotSpot(TM) 64-Bit Server VM"/>
    <property name="file.encoding.pkg" value="sun.io"/>
    <property name="user.script" value=""/>
    <property name="user.country" value="US"/>
    <property name="sun.java.launcher" value="SUN_STANDARD"/>
    <property name="sun.os.patch.level" value=""/>
    <property name="java.vm.specification.name" value="Java Virtual Machine Specification"/>
    <property name="user.dir" value="C:\Users\Marwa\Documents\NetBeansProjects\org.bpmnwithactiviti_bpmn-examples_jar_1.0_5"/>
    <property name="java.runtime.version" value="1.8.0_05-b13"/>
    <property name="java.awt.graphicsenv" value="sun.awt.Win32GraphicsEnvironment"/>
    <property name="java.endorsed.dirs" value="C:\Program Files\Java\jdk1.8.0_05\jre\lib\endorsed"/>
    <property name="os.arch" value="amd64"/>
    <property name="java.io.tmpdir" value="C:\Users\Marwa\AppData\Local\Temp\"/>
    <property name="line.separator" value="
"/>
    <property name="java.vm.specification.vendor" value="Oracle Corporation"/>
    <property name="user.variant" value=""/>
    <property name="os.name" value="Windows 8.1"/>
    <property name="maven.ext.class.path" value="C:\Program Files\NetBeans 8.1\java\maven-nblib\netbeans-eventspy.jar"/>
    <property name="classworlds.conf" value="C:\Program Files\NetBeans 8.1\java\maven\bin\m2.conf"/>
    <property name="sun.jnu.encoding" value="Cp1256"/>
    <property name="java.library.path" value="C:\Program Files\Java\jdk1.8.0_05\bin;C:\Windows\Sun\Java\bin;C:\Windows\system32;C:\Windows;C:\ProgramData\Oracle\Java\javapath;C:\Program Files (x86)\MiKTeX 2.9\miktex\bin;C:\Program Files (x86)\AMD APP\bin\x86_64;C:\Program Files (x86)\AMD APP\bin\x86;C:\Windows\system32;C:\Windows;C:\Windows\System32\Wbem;C:\Windows\System32\WindowsPowerShell\v1.0\;C:\Program Files\Lenovo\Bluetooth Software\;C:\Program Files\Lenovo\Bluetooth Software\syswow64;C:\Program Files (x86)\ATI Technologies\ATI.ACE\Core-Static;."/>
    <property name="java.specification.name" value="Java Platform API Specification"/>
    <property name="java.class.version" value="52.0"/>
    <property name="sun.management.compiler" value="HotSpot 64-Bit Tiered Compilers"/>
    <property name="os.version" value="6.3"/>
    <property name="user.home" value="C:\Users\Marwa"/>
    <property name="user.timezone" value="America/Los_Angeles"/>
    <property name="java.awt.printerjob" value="sun.awt.windows.WPrinterJob"/>
    <property name="java.specification.version" value="1.8"/>
    <property name="file.encoding" value="Cp1256"/>
    <property name="user.name" value="Marwa"/>
    <property name="java.class.path" value="C:\Program Files\NetBeans 8.1\java\maven\boot\plexus-classworlds-2.4.jar"/>
    <property name="java.vm.specification.version" value="1.8"/>
    <property name="sun.arch.data.model" value="64"/>
    <property name="java.home" value="C:\Program Files\Java\jdk1.8.0_05\jre"/>
    <property name="sun.java.command" value="org.codehaus.plexus.classworlds.launcher.Launcher -Dmaven.ext.class.path=C:\Program Files\NetBeans 8.1\java\maven-nblib\netbeans-eventspy.jar install"/>
    <property name="java.specification.vendor" value="Oracle Corporation"/>
    <property name="user.language" value="en"/>
    <property name="awt.toolkit" value="sun.awt.windows.WToolkit"/>
    <property name="java.vm.info" value="mixed mode"/>
    <property name="java.version" value="1.8.0_05"/>
    <property name="java.ext.dirs" value="C:\Program Files\Java\jdk1.8.0_05\jre\lib\ext;C:\Windows\Sun\Java\lib\ext"/>
    <property name="sun.boot.class.path" value="C:\Program Files\Java\jdk1.8.0_05\jre\lib\resources.jar;C:\Program Files\Java\jdk1.8.0_05\jre\lib\rt.jar;C:\Program Files\Java\jdk1.8.0_05\jre\lib\sunrsasign.jar;C:\Program Files\Java\jdk1.8.0_05\jre\lib\jsse.jar;C:\Program Files\Java\jdk1.8.0_05\jre\lib\jce.jar;C:\Program Files\Java\jdk1.8.0_05\jre\lib\charsets.jar;C:\Program Files\Java\jdk1.8.0_05\jre\lib\jfr.jar;C:\Program Files\Java\jdk1.8.0_05\jre\classes"/>
    <property name="java.vendor" value="Oracle Corporation"/>
    <property name="maven.home" value="C:\Program Files\NetBeans 8.1\java\maven"/>
    <property name="file.separator" value="\"/>
    <property name="java.vendor.url.bug" value="http://bugreport.sun.com/bugreport/"/>
    <property name="sun.cpu.endian" value="little"/>
    <property name="sun.io.unicode.encoding" value="UnicodeLittle"/>
    <property name="sun.desktop" value="windows"/>
    <property name="sun.cpu.isalist" value="amd64"/>
  </properties>
  <testcase classname="org.bpmnwithactiviti.chapter4.api.RuntimeServiceTest" name="org.bpmnwithactiviti.chapter4.api.RuntimeServiceTest" time="0.644">
    <error message="couldn&apos;t create db schema: create table ACT_HI_PROCINST ( 
ID_ varchar(64) not null, 
PROC_INST_ID_ varchar(64) not null, 
BUSINESS_KEY_ varchar(255), 
PROC_DEF_ID_ varchar(64) not null, 
START_TIME_ timestamp not null, 
END_TIME_ timestamp, 
DURATION_ bigint, 
START_USER_ID_ varchar(255), 
START_ACT_ID_ varchar(255), 
END_ACT_ID_ varchar(255), 
SUPER_PROCESS_INSTANCE_ID_ varchar(64), 
DELETE_REASON_ varchar(4000), 
primary key (ID_), 
unique (PROC_INST_ID_) 
)" type="org.activiti.engine.ActivitiException">org.activiti.engine.ActivitiException: couldn&apos;t create db schema: create table ACT_HI_PROCINST ( 
ID_ varchar(64) not null, 
PROC_INST_ID_ varchar(64) not null, 
BUSINESS_KEY_ varchar(255), 
PROC_DEF_ID_ varchar(64) not null, 
START_TIME_ timestamp not null, 
END_TIME_ timestamp, 
DURATION_ bigint, 
START_USER_ID_ varchar(255), 
START_ACT_ID_ varchar(255), 
END_ACT_ID_ varchar(255), 
SUPER_PROCESS_INSTANCE_ID_ varchar(64), 
DELETE_REASON_ varchar(4000), 
primary key (ID_), 
unique (PROC_INST_ID_) 
)
	at org.activiti.engine.impl.db.DbSqlSession.executeSchemaResource(DbSqlSession.java:828)
	at org.activiti.engine.impl.db.DbSqlSession.executeSchemaResource(DbSqlSession.java:755)
	at org.activiti.engine.impl.db.DbSqlSession.executeMandatorySchemaResource(DbSqlSession.java:618)
	at org.activiti.engine.impl.db.DbSqlSession.dbSchemaCreateHistory(DbSqlSession.java:587)
	at org.activiti.engine.impl.db.DbSqlSession.dbSchemaCreate(DbSqlSession.java:574)
	at org.activiti.engine.impl.db.DbSqlSession.performSchemaOperationsProcessEngineBuild(DbSqlSession.java:881)
	at org.activiti.engine.impl.SchemaOperationsProcessEngineBuild.execute(SchemaOperationsProcessEngineBuild.java:25)
	at org.activiti.engine.impl.interceptor.CommandExecutorImpl.execute(CommandExecutorImpl.java:24)
	at org.activiti.engine.impl.interceptor.CommandContextInterceptor.execute(CommandContextInterceptor.java:42)
	at org.activiti.engine.impl.interceptor.LogInterceptor.execute(LogInterceptor.java:33)
	at org.activiti.engine.impl.ProcessEngineImpl.&lt;init&gt;(ProcessEngineImpl.java:77)
	at org.activiti.engine.impl.cfg.ProcessEngineConfigurationImpl.buildProcessEngine(ProcessEngineConfigurationImpl.java:283)
	at org.bpmnwithactiviti.chapter4.api.RuntimeServiceTest.init(RuntimeServiceTest.java:27)
	at sun.reflect.NativeMethodAccessorImpl.invoke0(Native Method)
	at sun.reflect.NativeMethodAccessorImpl.invoke(NativeMethodAccessorImpl.java:62)
	at sun.reflect.DelegatingMethodAccessorImpl.invoke(DelegatingMethodAccessorImpl.java:43)
	at java.lang.reflect.Method.invoke(Method.java:483)
	at org.junit.runners.model.FrameworkMethod$1.runReflectiveCall(FrameworkMethod.java:44)
	at org.junit.internal.runners.model.ReflectiveCallable.run(ReflectiveCallable.java:15)
	at org.junit.runners.model.FrameworkMethod.invokeExplosively(FrameworkMethod.java:41)
	at org.junit.internal.runners.statements.RunBefores.evaluate(RunBefores.java:27)
	at org.junit.runners.ParentRunner.run(ParentRunner.java:236)
	at org.apache.maven.surefire.junit4.JUnit4TestSet.execute(JUnit4TestSet.java:53)
	at org.apache.maven.surefire.junit4.JUnit4Provider.executeTestSet(JUnit4Provider.java:123)
	at org.apache.maven.surefire.junit4.JUnit4Provider.invoke(JUnit4Provider.java:104)
	at sun.reflect.NativeMethodAccessorImpl.invoke0(Native Method)
	at sun.reflect.NativeMethodAccessorImpl.invoke(NativeMethodAccessorImpl.java:62)
	at sun.reflect.DelegatingMethodAccessorImpl.invoke(DelegatingMethodAccessorImpl.java:43)
	at java.lang.reflect.Method.invoke(Method.java:483)
	at org.apache.maven.surefire.util.ReflectionUtils.invokeMethodWithArray(ReflectionUtils.java:164)
	at org.apache.maven.surefire.booter.ProviderFactory$ProviderProxy.invoke(ProviderFactory.java:110)
	at org.apache.maven.surefire.booter.SurefireStarter.invokeProvider(SurefireStarter.java:175)
	at org.apache.maven.surefire.booter.SurefireStarter.runSuitesInProcessWhenForked(SurefireStarter.java:107)
	at org.apache.maven.surefire.booter.ForkedBooter.main(ForkedBooter.java:68)
Caused by: org.h2.jdbc.JdbcSQLException: Table &quot;ACT_HI_PROCINST&quot; already exists; SQL statement:
create table ACT_HI_PROCINST ( 
ID_ varchar(64) not null, 
PROC_INST_ID_ varchar(64) not null, 
BUSINESS_KEY_ varchar(255), 
PROC_DEF_ID_ varchar(64) not null, 
START_TIME_ timestamp not null, 
END_TIME_ timestamp, 
DURATION_ bigint, 
START_USER_ID_ varchar(255), 
START_ACT_ID_ varchar(255), 
END_ACT_ID_ varchar(255), 
SUPER_PROCESS_INSTANCE_ID_ varchar(64), 
DELETE_REASON_ varchar(4000), 
primary key (ID_), 
unique (PROC_INST_ID_) 
) [42101-132]
	at org.h2.message.DbException.getJdbcSQLException(DbException.java:316)
	at org.h2.message.DbException.get(DbException.java:167)
	at org.h2.message.DbException.get(DbException.java:144)
	at org.h2.command.ddl.CreateTable.update(CreateTable.java:106)
	at org.h2.command.CommandContainer.update(CommandContainer.java:70)
	at org.h2.command.Command.executeUpdate(Command.java:198)
	at org.h2.jdbc.JdbcStatement.executeInternal(JdbcStatement.java:176)
	at org.h2.jdbc.JdbcStatement.execute(JdbcStatement.java:151)
	at org.activiti.engine.impl.db.DbSqlSession.executeSchemaResource(DbSqlSession.java:802)
	... 33 more
</error>
    <system-out>05 Feb 2016 08:19:22,582 [main]  INFO org.activiti.engine.impl.db.DbSqlSession:764 - performing create on history with resource org/activiti/db/create/activiti.h2.create.history.sql
05 Feb 2016 08:19:22,585 [main] ERROR org.activiti.engine.impl.db.DbSqlSession:809 - problem during schema create, statement &apos;create table ACT_HI_PROCINST ( 
ID_ varchar(64) not null, 
PROC_INST_ID_ varchar(64) not null, 
BUSINESS_KEY_ varchar(255), 
PROC_DEF_ID_ varchar(64) not null, 
START_TIME_ timestamp not null, 
END_TIME_ timestamp, 
DURATION_ bigint, 
START_USER_ID_ varchar(255), 
START_ACT_ID_ varchar(255), 
END_ACT_ID_ varchar(255), 
SUPER_PROCESS_INSTANCE_ID_ varchar(64), 
DELETE_REASON_ varchar(4000), 
primary key (ID_), 
unique (PROC_INST_ID_) 
)
org.h2.jdbc.JdbcSQLException: Table &quot;ACT_HI_PROCINST&quot; already exists; SQL statement:
create table ACT_HI_PROCINST ( 
ID_ varchar(64) not null, 
PROC_INST_ID_ varchar(64) not null, 
BUSINESS_KEY_ varchar(255), 
PROC_DEF_ID_ varchar(64) not null, 
START_TIME_ timestamp not null, 
END_TIME_ timestamp, 
DURATION_ bigint, 
START_USER_ID_ varchar(255), 
START_ACT_ID_ varchar(255), 
END_ACT_ID_ varchar(255), 
SUPER_PROCESS_INSTANCE_ID_ varchar(64), 
DELETE_REASON_ varchar(4000), 
primary key (ID_), 
unique (PROC_INST_ID_) 
) [42101-132]
	at org.h2.message.DbException.getJdbcSQLException(DbException.java:316)
	at org.h2.message.DbException.get(DbException.java:167)
	at org.h2.message.DbException.get(DbException.java:144)
	at org.h2.command.ddl.CreateTable.update(CreateTable.java:106)
	at org.h2.command.CommandContainer.update(CommandContainer.java:70)
	at org.h2.command.Command.executeUpdate(Command.java:198)
	at org.h2.jdbc.JdbcStatement.executeInternal(JdbcStatement.java:176)
	at org.h2.jdbc.JdbcStatement.execute(JdbcStatement.java:151)
	at org.activiti.engine.impl.db.DbSqlSession.executeSchemaResource(DbSqlSession.java:802)
	at org.activiti.engine.impl.db.DbSqlSession.executeSchemaResource(DbSqlSession.java:755)
	at org.activiti.engine.impl.db.DbSqlSession.executeMandatorySchemaResource(DbSqlSession.java:618)
	at org.activiti.engine.impl.db.DbSqlSession.dbSchemaCreateHistory(DbSqlSession.java:587)
	at org.activiti.engine.impl.db.DbSqlSession.dbSchemaCreate(DbSqlSession.java:574)
	at org.activiti.engine.impl.db.DbSqlSession.performSchemaOperationsProcessEngineBuild(DbSqlSession.java:881)
	at org.activiti.engine.impl.SchemaOperationsProcessEngineBuild.execute(SchemaOperationsProcessEngineBuild.java:25)
	at org.activiti.engine.impl.interceptor.CommandExecutorImpl.execute(CommandExecutorImpl.java:24)
	at org.activiti.engine.impl.interceptor.CommandContextInterceptor.execute(CommandContextInterceptor.java:42)
	at org.activiti.engine.impl.interceptor.LogInterceptor.execute(LogInterceptor.java:33)
	at org.activiti.engine.impl.ProcessEngineImpl.&lt;init&gt;(ProcessEngineImpl.java:77)
	at org.activiti.engine.impl.cfg.ProcessEngineConfigurationImpl.buildProcessEngine(ProcessEngineConfigurationImpl.java:283)
	at org.bpmnwithactiviti.chapter4.api.RuntimeServiceTest.init(RuntimeServiceTest.java:27)
	at sun.reflect.NativeMethodAccessorImpl.invoke0(Native Method)
	at sun.reflect.NativeMethodAccessorImpl.invoke(NativeMethodAccessorImpl.java:62)
	at sun.reflect.DelegatingMethodAccessorImpl.invoke(DelegatingMethodAccessorImpl.java:43)
	at java.lang.reflect.Method.invoke(Method.java:483)
	at org.junit.runners.model.FrameworkMethod$1.runReflectiveCall(FrameworkMethod.java:44)
	at org.junit.internal.runners.model.ReflectiveCallable.run(ReflectiveCallable.java:15)
	at org.junit.runners.model.FrameworkMethod.invokeExplosively(FrameworkMethod.java:41)
	at org.junit.internal.runners.statements.RunBefores.evaluate(RunBefores.java:27)
	at org.junit.runners.ParentRunner.run(ParentRunner.java:236)
	at org.apache.maven.surefire.junit4.JUnit4TestSet.execute(JUnit4TestSet.java:53)
	at org.apache.maven.surefire.junit4.JUnit4Provider.executeTestSet(JUnit4Provider.java:123)
	at org.apache.maven.surefire.junit4.JUnit4Provider.invoke(JUnit4Provider.java:104)
	at sun.reflect.NativeMethodAccessorImpl.invoke0(Native Method)
	at sun.reflect.NativeMethodAccessorImpl.invoke(NativeMethodAccessorImpl.java:62)
	at sun.reflect.DelegatingMethodAccessorImpl.invoke(DelegatingMethodAccessorImpl.java:43)
	at java.lang.reflect.Method.invoke(Method.java:483)
	at org.apache.maven.surefire.util.ReflectionUtils.invokeMethodWithArray(ReflectionUtils.java:164)
	at org.apache.maven.surefire.booter.ProviderFactory$ProviderProxy.invoke(ProviderFactory.java:110)
	at org.apache.maven.surefire.booter.SurefireStarter.invokeProvider(SurefireStarter.java:175)
	at org.apache.maven.surefire.booter.SurefireStarter.runSuitesInProcessWhenForked(SurefireStarter.java:107)
	at org.apache.maven.surefire.booter.ForkedBooter.main(ForkedBooter.java:68)
05 Feb 2016 08:19:22,588 [main] ERROR org.activiti.engine.impl.db.DbSqlSession:809 - problem during schema create, statement &apos;create table ACT_HI_ACTINST ( 
ID_ varchar(64) not null, 
PROC_DEF_ID_ varchar(64) not null, 
PROC_INST_ID_ varchar(64) not null, 
EXECUTION_ID_ varchar(64) not null, 
ACT_ID_ varchar(255) not null, 
ACT_NAME_ varchar(255), 
ACT_TYPE_ varchar(255) not null, 
ASSIGNEE_ varchar(64), 
START_TIME_ timestamp not null, 
END_TIME_ timestamp, 
DURATION_ bigint, 
primary key (ID_) 
)
org.h2.jdbc.JdbcSQLException: Table &quot;ACT_HI_ACTINST&quot; already exists; SQL statement:
create table ACT_HI_ACTINST ( 
ID_ varchar(64) not null, 
PROC_DEF_ID_ varchar(64) not null, 
PROC_INST_ID_ varchar(64) not null, 
EXECUTION_ID_ varchar(64) not null, 
ACT_ID_ varchar(255) not null, 
ACT_NAME_ varchar(255), 
ACT_TYPE_ varchar(255) not null, 
ASSIGNEE_ varchar(64), 
START_TIME_ timestamp not null, 
END_TIME_ timestamp, 
DURATION_ bigint, 
primary key (ID_) 
) [42101-132]
	at org.h2.message.DbException.getJdbcSQLException(DbException.java:316)
	at org.h2.message.DbException.get(DbException.java:167)
	at org.h2.message.DbException.get(DbException.java:144)
	at org.h2.command.ddl.CreateTable.update(CreateTable.java:106)
	at org.h2.command.CommandContainer.update(CommandContainer.java:70)
	at org.h2.command.Command.executeUpdate(Command.java:198)
	at org.h2.jdbc.JdbcStatement.executeInternal(JdbcStatement.java:176)
	at org.h2.jdbc.JdbcStatement.execute(JdbcStatement.java:151)
	at org.activiti.engine.impl.db.DbSqlSession.executeSchemaResource(DbSqlSession.java:802)
	at org.activiti.engine.impl.db.DbSqlSession.executeSchemaResource(DbSqlSession.java:755)
	at org.activiti.engine.impl.db.DbSqlSession.executeMandatorySchemaResource(DbSqlSession.java:618)
	at org.activiti.engine.impl.db.DbSqlSession.dbSchemaCreateHistory(DbSqlSession.java:587)
	at org.activiti.engine.impl.db.DbSqlSession.dbSchemaCreate(DbSqlSession.java:574)
	at org.activiti.engine.impl.db.DbSqlSession.performSchemaOperationsProcessEngineBuild(DbSqlSession.java:881)
	at org.activiti.engine.impl.SchemaOperationsProcessEngineBuild.execute(SchemaOperationsProcessEngineBuild.java:25)
	at org.activiti.engine.impl.interceptor.CommandExecutorImpl.execute(CommandExecutorImpl.java:24)
	at org.activiti.engine.impl.interceptor.CommandContextInterceptor.execute(CommandContextInterceptor.java:42)
	at org.activiti.engine.impl.interceptor.LogInterceptor.execute(LogInterceptor.java:33)
	at org.activiti.engine.impl.ProcessEngineImpl.&lt;init&gt;(ProcessEngineImpl.java:77)
	at org.activiti.engine.impl.cfg.ProcessEngineConfigurationImpl.buildProcessEngine(ProcessEngineConfigurationImpl.java:283)
	at org.bpmnwithactiviti.chapter4.api.RuntimeServiceTest.init(RuntimeServiceTest.java:27)
	at sun.reflect.NativeMethodAccessorImpl.invoke0(Native Method)
	at sun.reflect.NativeMethodAccessorImpl.invoke(NativeMethodAccessorImpl.java:62)
	at sun.reflect.DelegatingMethodAccessorImpl.invoke(DelegatingMethodAccessorImpl.java:43)
	at java.lang.reflect.Method.invoke(Method.java:483)
	at org.junit.runners.model.FrameworkMethod$1.runReflectiveCall(FrameworkMethod.java:44)
	at org.junit.internal.runners.model.ReflectiveCallable.run(ReflectiveCallable.java:15)
	at org.junit.runners.model.FrameworkMethod.invokeExplosively(FrameworkMethod.java:41)
	at org.junit.internal.runners.statements.RunBefores.evaluate(RunBefores.java:27)
	at org.junit.runners.ParentRunner.run(ParentRunner.java:236)
	at org.apache.maven.surefire.junit4.JUnit4TestSet.execute(JUnit4TestSet.java:53)
	at org.apache.maven.surefire.junit4.JUnit4Provider.executeTestSet(JUnit4Provider.java:123)
	at org.apache.maven.surefire.junit4.JUnit4Provider.invoke(JUnit4Provider.java:104)
	at sun.reflect.NativeMethodAccessorImpl.invoke0(Native Method)
	at sun.reflect.NativeMethodAccessorImpl.invoke(NativeMethodAccessorImpl.java:62)
	at sun.reflect.DelegatingMethodAccessorImpl.invoke(DelegatingMethodAccessorImpl.java:43)
	at java.lang.reflect.Method.invoke(Method.java:483)
	at org.apache.maven.surefire.util.ReflectionUtils.invokeMethodWithArray(ReflectionUtils.java:164)
	at org.apache.maven.surefire.booter.ProviderFactory$ProviderProxy.invoke(ProviderFactory.java:110)
	at org.apache.maven.surefire.booter.SurefireStarter.invokeProvider(SurefireStarter.java:175)
	at org.apache.maven.surefire.booter.SurefireStarter.runSuitesInProcessWhenForked(SurefireStarter.java:107)
	at org.apache.maven.surefire.booter.ForkedBooter.main(ForkedBooter.java:68)
05 Feb 2016 08:19:22,590 [main] ERROR org.activiti.engine.impl.db.DbSqlSession:809 - problem during schema create, statement &apos;create table ACT_HI_TASKINST ( 
ID_ varchar(64) not null, 
PROC_DEF_ID_ varchar(64), 
TASK_DEF_KEY_ varchar(255), 
PROC_INST_ID_ varchar(64), 
EXECUTION_ID_ varchar(64), 
NAME_ varchar(255), 
PARENT_TASK_ID_ varchar(64), 
DESCRIPTION_ varchar(4000), 
OWNER_ varchar(64), 
ASSIGNEE_ varchar(64), 
START_TIME_ timestamp not null, 
END_TIME_ timestamp, 
DURATION_ bigint, 
DELETE_REASON_ varchar(4000), 
PRIORITY_ integer, 
DUE_DATE_ timestamp, 
primary key (ID_) 
)
org.h2.jdbc.JdbcSQLException: Table &quot;ACT_HI_TASKINST&quot; already exists; SQL statement:
create table ACT_HI_TASKINST ( 
ID_ varchar(64) not null, 
PROC_DEF_ID_ varchar(64), 
TASK_DEF_KEY_ varchar(255), 
PROC_INST_ID_ varchar(64), 
EXECUTION_ID_ varchar(64), 
NAME_ varchar(255), 
PARENT_TASK_ID_ varchar(64), 
DESCRIPTION_ varchar(4000), 
OWNER_ varchar(64), 
ASSIGNEE_ varchar(64), 
START_TIME_ timestamp not null, 
END_TIME_ timestamp, 
DURATION_ bigint, 
DELETE_REASON_ varchar(4000), 
PRIORITY_ integer, 
DUE_DATE_ timestamp, 
primary key (ID_) 
) [42101-132]
	at org.h2.message.DbException.getJdbcSQLException(DbException.java:316)
	at org.h2.message.DbException.get(DbException.java:167)
	at org.h2.message.DbException.get(DbException.java:144)
	at org.h2.command.ddl.CreateTable.update(CreateTable.java:106)
	at org.h2.command.CommandContainer.update(CommandContainer.java:70)
	at org.h2.command.Command.executeUpdate(Command.java:198)
	at org.h2.jdbc.JdbcStatement.executeInternal(JdbcStatement.java:176)
	at org.h2.jdbc.JdbcStatement.execute(JdbcStatement.java:151)
	at org.activiti.engine.impl.db.DbSqlSession.executeSchemaResource(DbSqlSession.java:802)
	at org.activiti.engine.impl.db.DbSqlSession.executeSchemaResource(DbSqlSession.java:755)
	at org.activiti.engine.impl.db.DbSqlSession.executeMandatorySchemaResource(DbSqlSession.java:618)
	at org.activiti.engine.impl.db.DbSqlSession.dbSchemaCreateHistory(DbSqlSession.java:587)
	at org.activiti.engine.impl.db.DbSqlSession.dbSchemaCreate(DbSqlSession.java:574)
	at org.activiti.engine.impl.db.DbSqlSession.performSchemaOperationsProcessEngineBuild(DbSqlSession.java:881)
	at org.activiti.engine.impl.SchemaOperationsProcessEngineBuild.execute(SchemaOperationsProcessEngineBuild.java:25)
	at org.activiti.engine.impl.interceptor.CommandExecutorImpl.execute(CommandExecutorImpl.java:24)
	at org.activiti.engine.impl.interceptor.CommandContextInterceptor.execute(CommandContextInterceptor.java:42)
	at org.activiti.engine.impl.interceptor.LogInterceptor.execute(LogInterceptor.java:33)
	at org.activiti.engine.impl.ProcessEngineImpl.&lt;init&gt;(ProcessEngineImpl.java:77)
	at org.activiti.engine.impl.cfg.ProcessEngineConfigurationImpl.buildProcessEngine(ProcessEngineConfigurationImpl.java:283)
	at org.bpmnwithactiviti.chapter4.api.RuntimeServiceTest.init(RuntimeServiceTest.java:27)
	at sun.reflect.NativeMethodAccessorImpl.invoke0(Native Method)
	at sun.reflect.NativeMethodAccessorImpl.invoke(NativeMethodAccessorImpl.java:62)
	at sun.reflect.DelegatingMethodAccessorImpl.invoke(DelegatingMethodAccessorImpl.java:43)
	at java.lang.reflect.Method.invoke(Method.java:483)
	at org.junit.runners.model.FrameworkMethod$1.runReflectiveCall(FrameworkMethod.java:44)
	at org.junit.internal.runners.model.ReflectiveCallable.run(ReflectiveCallable.java:15)
	at org.junit.runners.model.FrameworkMethod.invokeExplosively(FrameworkMethod.java:41)
	at org.junit.internal.runners.statements.RunBefores.evaluate(RunBefores.java:27)
	at org.junit.runners.ParentRunner.run(ParentRunner.java:236)
	at org.apache.maven.surefire.junit4.JUnit4TestSet.execute(JUnit4TestSet.java:53)
	at org.apache.maven.surefire.junit4.JUnit4Provider.executeTestSet(JUnit4Provider.java:123)
	at org.apache.maven.surefire.junit4.JUnit4Provider.invoke(JUnit4Provider.java:104)
	at sun.reflect.NativeMethodAccessorImpl.invoke0(Native Method)
	at sun.reflect.NativeMethodAccessorImpl.invoke(NativeMethodAccessorImpl.java:62)
	at sun.reflect.DelegatingMethodAccessorImpl.invoke(DelegatingMethodAccessorImpl.java:43)
	at java.lang.reflect.Method.invoke(Method.java:483)
	at org.apache.maven.surefire.util.ReflectionUtils.invokeMethodWithArray(ReflectionUtils.java:164)
	at org.apache.maven.surefire.booter.ProviderFactory$ProviderProxy.invoke(ProviderFactory.java:110)
	at org.apache.maven.surefire.booter.SurefireStarter.invokeProvider(SurefireStarter.java:175)
	at org.apache.maven.surefire.booter.SurefireStarter.runSuitesInProcessWhenForked(SurefireStarter.java:107)
	at org.apache.maven.surefire.booter.ForkedBooter.main(ForkedBooter.java:68)
05 Feb 2016 08:19:22,592 [main] ERROR org.activiti.engine.impl.db.DbSqlSession:809 - problem during schema create, statement &apos;create table ACT_HI_DETAIL ( 
ID_ varchar(64) not null, 
TYPE_ varchar(255) not null, 
TIME_ timestamp not null, 
NAME_ varchar(255), 
PROC_INST_ID_ varchar(64), 
EXECUTION_ID_ varchar(64), 
TASK_ID_ varchar(64), 
ACT_INST_ID_ varchar(64), 
VAR_TYPE_ varchar(255), 
REV_ integer, 
BYTEARRAY_ID_ varchar(64), 
DOUBLE_ double, 
LONG_ bigint, 
TEXT_ varchar(4000), 
TEXT2_ varchar(4000), 
primary key (ID_) 
)
org.h2.jdbc.JdbcSQLException: Table &quot;ACT_HI_DETAIL&quot; already exists; SQL statement:
create table ACT_HI_DETAIL ( 
ID_ varchar(64) not null, 
TYPE_ varchar(255) not null, 
TIME_ timestamp not null, 
NAME_ varchar(255), 
PROC_INST_ID_ varchar(64), 
EXECUTION_ID_ varchar(64), 
TASK_ID_ varchar(64), 
ACT_INST_ID_ varchar(64), 
VAR_TYPE_ varchar(255), 
REV_ integer, 
BYTEARRAY_ID_ varchar(64), 
DOUBLE_ double, 
LONG_ bigint, 
TEXT_ varchar(4000), 
TEXT2_ varchar(4000), 
primary key (ID_) 
) [42101-132]
	at org.h2.message.DbException.getJdbcSQLException(DbException.java:316)
	at org.h2.message.DbException.get(DbException.java:167)
	at org.h2.message.DbException.get(DbException.java:144)
	at org.h2.command.ddl.CreateTable.update(CreateTable.java:106)
	at org.h2.command.CommandContainer.update(CommandContainer.java:70)
	at org.h2.command.Command.executeUpdate(Command.java:198)
	at org.h2.jdbc.JdbcStatement.executeInternal(JdbcStatement.java:176)
	at org.h2.jdbc.JdbcStatement.execute(JdbcStatement.java:151)
	at org.activiti.engine.impl.db.DbSqlSession.executeSchemaResource(DbSqlSession.java:802)
	at org.activiti.engine.impl.db.DbSqlSession.executeSchemaResource(DbSqlSession.java:755)
	at org.activiti.engine.impl.db.DbSqlSession.executeMandatorySchemaResource(DbSqlSession.java:618)
	at org.activiti.engine.impl.db.DbSqlSession.dbSchemaCreateHistory(DbSqlSession.java:587)
	at org.activiti.engine.impl.db.DbSqlSession.dbSchemaCreate(DbSqlSession.java:574)
	at org.activiti.engine.impl.db.DbSqlSession.performSchemaOperationsProcessEngineBuild(DbSqlSession.java:881)
	at org.activiti.engine.impl.SchemaOperationsProcessEngineBuild.execute(SchemaOperationsProcessEngineBuild.java:25)
	at org.activiti.engine.impl.interceptor.CommandExecutorImpl.execute(CommandExecutorImpl.java:24)
	at org.activiti.engine.impl.interceptor.CommandContextInterceptor.execute(CommandContextInterceptor.java:42)
	at org.activiti.engine.impl.interceptor.LogInterceptor.execute(LogInterceptor.java:33)
	at org.activiti.engine.impl.ProcessEngineImpl.&lt;init&gt;(ProcessEngineImpl.java:77)
	at org.activiti.engine.impl.cfg.ProcessEngineConfigurationImpl.buildProcessEngine(ProcessEngineConfigurationImpl.java:283)
	at org.bpmnwithactiviti.chapter4.api.RuntimeServiceTest.init(RuntimeServiceTest.java:27)
	at sun.reflect.NativeMethodAccessorImpl.invoke0(Native Method)
	at sun.reflect.NativeMethodAccessorImpl.invoke(NativeMethodAccessorImpl.java:62)
	at sun.reflect.DelegatingMethodAccessorImpl.invoke(DelegatingMethodAccessorImpl.java:43)
	at java.lang.reflect.Method.invoke(Method.java:483)
	at org.junit.runners.model.FrameworkMethod$1.runReflectiveCall(FrameworkMethod.java:44)
	at org.junit.internal.runners.model.ReflectiveCallable.run(ReflectiveCallable.java:15)
	at org.junit.runners.model.FrameworkMethod.invokeExplosively(FrameworkMethod.java:41)
	at org.junit.internal.runners.statements.RunBefores.evaluate(RunBefores.java:27)
	at org.junit.runners.ParentRunner.run(ParentRunner.java:236)
	at org.apache.maven.surefire.junit4.JUnit4TestSet.execute(JUnit4TestSet.java:53)
	at org.apache.maven.surefire.junit4.JUnit4Provider.executeTestSet(JUnit4Provider.java:123)
	at org.apache.maven.surefire.junit4.JUnit4Provider.invoke(JUnit4Provider.java:104)
	at sun.reflect.NativeMethodAccessorImpl.invoke0(Native Method)
	at sun.reflect.NativeMethodAccessorImpl.invoke(NativeMethodAccessorImpl.java:62)
	at sun.reflect.DelegatingMethodAccessorImpl.invoke(DelegatingMethodAccessorImpl.java:43)
	at java.lang.reflect.Method.invoke(Method.java:483)
	at org.apache.maven.surefire.util.ReflectionUtils.invokeMethodWithArray(ReflectionUtils.java:164)
	at org.apache.maven.surefire.booter.ProviderFactory$ProviderProxy.invoke(ProviderFactory.java:110)
	at org.apache.maven.surefire.booter.SurefireStarter.invokeProvider(SurefireStarter.java:175)
	at org.apache.maven.surefire.booter.SurefireStarter.runSuitesInProcessWhenForked(SurefireStarter.java:107)
	at org.apache.maven.surefire.booter.ForkedBooter.main(ForkedBooter.java:68)
05 Feb 2016 08:19:22,594 [main] ERROR org.activiti.engine.impl.db.DbSqlSession:809 - problem during schema create, statement &apos;create table ACT_HI_COMMENT ( 
ID_ varchar(64) not null, 
TYPE_ varchar(255), 
TIME_ timestamp not null, 
USER_ID_ varchar(255), 
TASK_ID_ varchar(64), 
PROC_INST_ID_ varchar(64), 
ACTION_ varchar(255), 
MESSAGE_ varchar(4000), 
FULL_MSG_ longvarbinary, 
primary key (ID_) 
)
org.h2.jdbc.JdbcSQLException: Table &quot;ACT_HI_COMMENT&quot; already exists; SQL statement:
create table ACT_HI_COMMENT ( 
ID_ varchar(64) not null, 
TYPE_ varchar(255), 
TIME_ timestamp not null, 
USER_ID_ varchar(255), 
TASK_ID_ varchar(64), 
PROC_INST_ID_ varchar(64), 
ACTION_ varchar(255), 
MESSAGE_ varchar(4000), 
FULL_MSG_ longvarbinary, 
primary key (ID_) 
) [42101-132]
	at org.h2.message.DbException.getJdbcSQLException(DbException.java:316)
	at org.h2.message.DbException.get(DbException.java:167)
	at org.h2.message.DbException.get(DbException.java:144)
	at org.h2.command.ddl.CreateTable.update(CreateTable.java:106)
	at org.h2.command.CommandContainer.update(CommandContainer.java:70)
	at org.h2.command.Command.executeUpdate(Command.java:198)
	at org.h2.jdbc.JdbcStatement.executeInternal(JdbcStatement.java:176)
	at org.h2.jdbc.JdbcStatement.execute(JdbcStatement.java:151)
	at org.activiti.engine.impl.db.DbSqlSession.executeSchemaResource(DbSqlSession.java:802)
	at org.activiti.engine.impl.db.DbSqlSession.executeSchemaResource(DbSqlSession.java:755)
	at org.activiti.engine.impl.db.DbSqlSession.executeMandatorySchemaResource(DbSqlSession.java:618)
	at org.activiti.engine.impl.db.DbSqlSession.dbSchemaCreateHistory(DbSqlSession.java:587)
	at org.activiti.engine.impl.db.DbSqlSession.dbSchemaCreate(DbSqlSession.java:574)
	at org.activiti.engine.impl.db.DbSqlSession.performSchemaOperationsProcessEngineBuild(DbSqlSession.java:881)
	at org.activiti.engine.impl.SchemaOperationsProcessEngineBuild.execute(SchemaOperationsProcessEngineBuild.java:25)
	at org.activiti.engine.impl.interceptor.CommandExecutorImpl.execute(CommandExecutorImpl.java:24)
	at org.activiti.engine.impl.interceptor.CommandContextInterceptor.execute(CommandContextInterceptor.java:42)
	at org.activiti.engine.impl.interceptor.LogInterceptor.execute(LogInterceptor.java:33)
	at org.activiti.engine.impl.ProcessEngineImpl.&lt;init&gt;(ProcessEngineImpl.java:77)
	at org.activiti.engine.impl.cfg.ProcessEngineConfigurationImpl.buildProcessEngine(ProcessEngineConfigurationImpl.java:283)
	at org.bpmnwithactiviti.chapter4.api.RuntimeServiceTest.init(RuntimeServiceTest.java:27)
	at sun.reflect.NativeMethodAccessorImpl.invoke0(Native Method)
	at sun.reflect.NativeMethodAccessorImpl.invoke(NativeMethodAccessorImpl.java:62)
	at sun.reflect.DelegatingMethodAccessorImpl.invoke(DelegatingMethodAccessorImpl.java:43)
	at java.lang.reflect.Method.invoke(Method.java:483)
	at org.junit.runners.model.FrameworkMethod$1.runReflectiveCall(FrameworkMethod.java:44)
	at org.junit.internal.runners.model.ReflectiveCallable.run(ReflectiveCallable.java:15)
	at org.junit.runners.model.FrameworkMethod.invokeExplosively(FrameworkMethod.java:41)
	at org.junit.internal.runners.statements.RunBefores.evaluate(RunBefores.java:27)
	at org.junit.runners.ParentRunner.run(ParentRunner.java:236)
	at org.apache.maven.surefire.junit4.JUnit4TestSet.execute(JUnit4TestSet.java:53)
	at org.apache.maven.surefire.junit4.JUnit4Provider.executeTestSet(JUnit4Provider.java:123)
	at org.apache.maven.surefire.junit4.JUnit4Provider.invoke(JUnit4Provider.java:104)
	at sun.reflect.NativeMethodAccessorImpl.invoke0(Native Method)
	at sun.reflect.NativeMethodAccessorImpl.invoke(NativeMethodAccessorImpl.java:62)
	at sun.reflect.DelegatingMethodAccessorImpl.invoke(DelegatingMethodAccessorImpl.java:43)
	at java.lang.reflect.Method.invoke(Method.java:483)
	at org.apache.maven.surefire.util.ReflectionUtils.invokeMethodWithArray(ReflectionUtils.java:164)
	at org.apache.maven.surefire.booter.ProviderFactory$ProviderProxy.invoke(ProviderFactory.java:110)
	at org.apache.maven.surefire.booter.SurefireStarter.invokeProvider(SurefireStarter.java:175)
	at org.apache.maven.surefire.booter.SurefireStarter.runSuitesInProcessWhenForked(SurefireStarter.java:107)
	at org.apache.maven.surefire.booter.ForkedBooter.main(ForkedBooter.java:68)
05 Feb 2016 08:19:22,613 [main] ERROR org.activiti.engine.impl.db.DbSqlSession:809 - problem during schema create, statement &apos;create table ACT_HI_ATTACHMENT ( 
ID_ varchar(64) not null, 
REV_ integer, 
USER_ID_ varchar(255), 
NAME_ varchar(255), 
DESCRIPTION_ varchar(4000), 
TYPE_ varchar(255), 
TASK_ID_ varchar(64), 
PROC_INST_ID_ varchar(64), 
URL_ varchar(4000), 
CONTENT_ID_ varchar(64), 
primary key (ID_) 
)
org.h2.jdbc.JdbcSQLException: Table &quot;ACT_HI_ATTACHMENT&quot; already exists; SQL statement:
create table ACT_HI_ATTACHMENT ( 
ID_ varchar(64) not null, 
REV_ integer, 
USER_ID_ varchar(255), 
NAME_ varchar(255), 
DESCRIPTION_ varchar(4000), 
TYPE_ varchar(255), 
TASK_ID_ varchar(64), 
PROC_INST_ID_ varchar(64), 
URL_ varchar(4000), 
CONTENT_ID_ varchar(64), 
primary key (ID_) 
) [42101-132]
	at org.h2.message.DbException.getJdbcSQLException(DbException.java:316)
	at org.h2.message.DbException.get(DbException.java:167)
	at org.h2.message.DbException.get(DbException.java:144)
	at org.h2.command.ddl.CreateTable.update(CreateTable.java:106)
	at org.h2.command.CommandContainer.update(CommandContainer.java:70)
	at org.h2.command.Command.executeUpdate(Command.java:198)
	at org.h2.jdbc.JdbcStatement.executeInternal(JdbcStatement.java:176)
	at org.h2.jdbc.JdbcStatement.execute(JdbcStatement.java:151)
	at org.activiti.engine.impl.db.DbSqlSession.executeSchemaResource(DbSqlSession.java:802)
	at org.activiti.engine.impl.db.DbSqlSession.executeSchemaResource(DbSqlSession.java:755)
	at org.activiti.engine.impl.db.DbSqlSession.executeMandatorySchemaResource(DbSqlSession.java:618)
	at org.activiti.engine.impl.db.DbSqlSession.dbSchemaCreateHistory(DbSqlSession.java:587)
	at org.activiti.engine.impl.db.DbSqlSession.dbSchemaCreate(DbSqlSession.java:574)
	at org.activiti.engine.impl.db.DbSqlSession.performSchemaOperationsProcessEngineBuild(DbSqlSession.java:881)
	at org.activiti.engine.impl.SchemaOperationsProcessEngineBuild.execute(SchemaOperationsProcessEngineBuild.java:25)
	at org.activiti.engine.impl.interceptor.CommandExecutorImpl.execute(CommandExecutorImpl.java:24)
	at org.activiti.engine.impl.interceptor.CommandContextInterceptor.execute(CommandContextInterceptor.java:42)
	at org.activiti.engine.impl.interceptor.LogInterceptor.execute(LogInterceptor.java:33)
	at org.activiti.engine.impl.ProcessEngineImpl.&lt;init&gt;(ProcessEngineImpl.java:77)
	at org.activiti.engine.impl.cfg.ProcessEngineConfigurationImpl.buildProcessEngine(ProcessEngineConfigurationImpl.java:283)
	at org.bpmnwithactiviti.chapter4.api.RuntimeServiceTest.init(RuntimeServiceTest.java:27)
	at sun.reflect.NativeMethodAccessorImpl.invoke0(Native Method)
	at sun.reflect.NativeMethodAccessorImpl.invoke(NativeMethodAccessorImpl.java:62)
	at sun.reflect.DelegatingMethodAccessorImpl.invoke(DelegatingMethodAccessorImpl.java:43)
	at java.lang.reflect.Method.invoke(Method.java:483)
	at org.junit.runners.model.FrameworkMethod$1.runReflectiveCall(FrameworkMethod.java:44)
	at org.junit.internal.runners.model.ReflectiveCallable.run(ReflectiveCallable.java:15)
	at org.junit.runners.model.FrameworkMethod.invokeExplosively(FrameworkMethod.java:41)
	at org.junit.internal.runners.statements.RunBefores.evaluate(RunBefores.java:27)
	at org.junit.runners.ParentRunner.run(ParentRunner.java:236)
	at org.apache.maven.surefire.junit4.JUnit4TestSet.execute(JUnit4TestSet.java:53)
	at org.apache.maven.surefire.junit4.JUnit4Provider.executeTestSet(JUnit4Provider.java:123)
	at org.apache.maven.surefire.junit4.JUnit4Provider.invoke(JUnit4Provider.java:104)
	at sun.reflect.NativeMethodAccessorImpl.invoke0(Native Method)
	at sun.reflect.NativeMethodAccessorImpl.invoke(NativeMethodAccessorImpl.java:62)
	at sun.reflect.DelegatingMethodAccessorImpl.invoke(DelegatingMethodAccessorImpl.java:43)
	at java.lang.reflect.Method.invoke(Method.java:483)
	at org.apache.maven.surefire.util.ReflectionUtils.invokeMethodWithArray(ReflectionUtils.java:164)
	at org.apache.maven.surefire.booter.ProviderFactory$ProviderProxy.invoke(ProviderFactory.java:110)
	at org.apache.maven.surefire.booter.SurefireStarter.invokeProvider(SurefireStarter.java:175)
	at org.apache.maven.surefire.booter.SurefireStarter.runSuitesInProcessWhenForked(SurefireStarter.java:107)
	at org.apache.maven.surefire.booter.ForkedBooter.main(ForkedBooter.java:68)
05 Feb 2016 08:19:22,614 [main] ERROR org.activiti.engine.impl.db.DbSqlSession:809 - problem during schema create, statement &apos;create index ACT_IDX_HI_PRO_INST_END on ACT_HI_PROCINST(END_TIME_)
org.h2.jdbc.JdbcSQLException: Index &quot;ACT_IDX_HI_PRO_INST_END&quot; already exists; SQL statement:
create index ACT_IDX_HI_PRO_INST_END on ACT_HI_PROCINST(END_TIME_) [42111-132]
	at org.h2.message.DbException.getJdbcSQLException(DbException.java:316)
	at org.h2.message.DbException.get(DbException.java:167)
	at org.h2.message.DbException.get(DbException.java:144)
	at org.h2.command.ddl.CreateIndex.update(CreateIndex.java:75)
	at org.h2.command.CommandContainer.update(CommandContainer.java:70)
	at org.h2.command.Command.executeUpdate(Command.java:198)
	at org.h2.jdbc.JdbcStatement.executeInternal(JdbcStatement.java:176)
	at org.h2.jdbc.JdbcStatement.execute(JdbcStatement.java:151)
	at org.activiti.engine.impl.db.DbSqlSession.executeSchemaResource(DbSqlSession.java:802)
	at org.activiti.engine.impl.db.DbSqlSession.executeSchemaResource(DbSqlSession.java:755)
	at org.activiti.engine.impl.db.DbSqlSession.executeMandatorySchemaResource(DbSqlSession.java:618)
	at org.activiti.engine.impl.db.DbSqlSession.dbSchemaCreateHistory(DbSqlSession.java:587)
	at org.activiti.engine.impl.db.DbSqlSession.dbSchemaCreate(DbSqlSession.java:574)
	at org.activiti.engine.impl.db.DbSqlSession.performSchemaOperationsProcessEngineBuild(DbSqlSession.java:881)
	at org.activiti.engine.impl.SchemaOperationsProcessEngineBuild.execute(SchemaOperationsProcessEngineBuild.java:25)
	at org.activiti.engine.impl.interceptor.CommandExecutorImpl.execute(CommandExecutorImpl.java:24)
	at org.activiti.engine.impl.interceptor.CommandContextInterceptor.execute(CommandContextInterceptor.java:42)
	at org.activiti.engine.impl.interceptor.LogInterceptor.execute(LogInterceptor.java:33)
	at org.activiti.engine.impl.ProcessEngineImpl.&lt;init&gt;(ProcessEngineImpl.java:77)
	at org.activiti.engine.impl.cfg.ProcessEngineConfigurationImpl.buildProcessEngine(ProcessEngineConfigurationImpl.java:283)
	at org.bpmnwithactiviti.chapter4.api.RuntimeServiceTest.init(RuntimeServiceTest.java:27)
	at sun.reflect.NativeMethodAccessorImpl.invoke0(Native Method)
	at sun.reflect.NativeMethodAccessorImpl.invoke(NativeMethodAccessorImpl.java:62)
	at sun.reflect.DelegatingMethodAccessorImpl.invoke(DelegatingMethodAccessorImpl.java:43)
	at java.lang.reflect.Method.invoke(Method.java:483)
	at org.junit.runners.model.FrameworkMethod$1.runReflectiveCall(FrameworkMethod.java:44)
	at org.junit.internal.runners.model.ReflectiveCallable.run(ReflectiveCallable.java:15)
	at org.junit.runners.model.FrameworkMethod.invokeExplosively(FrameworkMethod.java:41)
	at org.junit.internal.runners.statements.RunBefores.evaluate(RunBefores.java:27)
	at org.junit.runners.ParentRunner.run(ParentRunner.java:236)
	at org.apache.maven.surefire.junit4.JUnit4TestSet.execute(JUnit4TestSet.java:53)
	at org.apache.maven.surefire.junit4.JUnit4Provider.executeTestSet(JUnit4Provider.java:123)
	at org.apache.maven.surefire.junit4.JUnit4Provider.invoke(JUnit4Provider.java:104)
	at sun.reflect.NativeMethodAccessorImpl.invoke0(Native Method)
	at sun.reflect.NativeMethodAccessorImpl.invoke(NativeMethodAccessorImpl.java:62)
	at sun.reflect.DelegatingMethodAccessorImpl.invoke(DelegatingMethodAccessorImpl.java:43)
	at java.lang.reflect.Method.invoke(Method.java:483)
	at org.apache.maven.surefire.util.ReflectionUtils.invokeMethodWithArray(ReflectionUtils.java:164)
	at org.apache.maven.surefire.booter.ProviderFactory$ProviderProxy.invoke(ProviderFactory.java:110)
	at org.apache.maven.surefire.booter.SurefireStarter.invokeProvider(SurefireStarter.java:175)
	at org.apache.maven.surefire.booter.SurefireStarter.runSuitesInProcessWhenForked(SurefireStarter.java:107)
	at org.apache.maven.surefire.booter.ForkedBooter.main(ForkedBooter.java:68)
05 Feb 2016 08:19:22,615 [main] ERROR org.activiti.engine.impl.db.DbSqlSession:809 - problem during schema create, statement &apos;create index ACT_IDX_HI_PRO_I_BUSKEY on ACT_HI_PROCINST(BUSINESS_KEY_)
org.h2.jdbc.JdbcSQLException: Index &quot;ACT_IDX_HI_PRO_I_BUSKEY&quot; already exists; SQL statement:
create index ACT_IDX_HI_PRO_I_BUSKEY on ACT_HI_PROCINST(BUSINESS_KEY_) [42111-132]
	at org.h2.message.DbException.getJdbcSQLException(DbException.java:316)
	at org.h2.message.DbException.get(DbException.java:167)
	at org.h2.message.DbException.get(DbException.java:144)
	at org.h2.command.ddl.CreateIndex.update(CreateIndex.java:75)
	at org.h2.command.CommandContainer.update(CommandContainer.java:70)
	at org.h2.command.Command.executeUpdate(Command.java:198)
	at org.h2.jdbc.JdbcStatement.executeInternal(JdbcStatement.java:176)
	at org.h2.jdbc.JdbcStatement.execute(JdbcStatement.java:151)
	at org.activiti.engine.impl.db.DbSqlSession.executeSchemaResource(DbSqlSession.java:802)
	at org.activiti.engine.impl.db.DbSqlSession.executeSchemaResource(DbSqlSession.java:755)
	at org.activiti.engine.impl.db.DbSqlSession.executeMandatorySchemaResource(DbSqlSession.java:618)
	at org.activiti.engine.impl.db.DbSqlSession.dbSchemaCreateHistory(DbSqlSession.java:587)
	at org.activiti.engine.impl.db.DbSqlSession.dbSchemaCreate(DbSqlSession.java:574)
	at org.activiti.engine.impl.db.DbSqlSession.performSchemaOperationsProcessEngineBuild(DbSqlSession.java:881)
	at org.activiti.engine.impl.SchemaOperationsProcessEngineBuild.execute(SchemaOperationsProcessEngineBuild.java:25)
	at org.activiti.engine.impl.interceptor.CommandExecutorImpl.execute(CommandExecutorImpl.java:24)
	at org.activiti.engine.impl.interceptor.CommandContextInterceptor.execute(CommandContextInterceptor.java:42)
	at org.activiti.engine.impl.interceptor.LogInterceptor.execute(LogInterceptor.java:33)
	at org.activiti.engine.impl.ProcessEngineImpl.&lt;init&gt;(ProcessEngineImpl.java:77)
	at org.activiti.engine.impl.cfg.ProcessEngineConfigurationImpl.buildProcessEngine(ProcessEngineConfigurationImpl.java:283)
	at org.bpmnwithactiviti.chapter4.api.RuntimeServiceTest.init(RuntimeServiceTest.java:27)
	at sun.reflect.NativeMethodAccessorImpl.invoke0(Native Method)
	at sun.reflect.NativeMethodAccessorImpl.invoke(NativeMethodAccessorImpl.java:62)
	at sun.reflect.DelegatingMethodAccessorImpl.invoke(DelegatingMethodAccessorImpl.java:43)
	at java.lang.reflect.Method.invoke(Method.java:483)
	at org.junit.runners.model.FrameworkMethod$1.runReflectiveCall(FrameworkMethod.java:44)
	at org.junit.internal.runners.model.ReflectiveCallable.run(ReflectiveCallable.java:15)
	at org.junit.runners.model.FrameworkMethod.invokeExplosively(FrameworkMethod.java:41)
	at org.junit.internal.runners.statements.RunBefores.evaluate(RunBefores.java:27)
	at org.junit.runners.ParentRunner.run(ParentRunner.java:236)
	at org.apache.maven.surefire.junit4.JUnit4TestSet.execute(JUnit4TestSet.java:53)
	at org.apache.maven.surefire.junit4.JUnit4Provider.executeTestSet(JUnit4Provider.java:123)
	at org.apache.maven.surefire.junit4.JUnit4Provider.invoke(JUnit4Provider.java:104)
	at sun.reflect.NativeMethodAccessorImpl.invoke0(Native Method)
	at sun.reflect.NativeMethodAccessorImpl.invoke(NativeMethodAccessorImpl.java:62)
	at sun.reflect.DelegatingMethodAccessorImpl.invoke(DelegatingMethodAccessorImpl.java:43)
	at java.lang.reflect.Method.invoke(Method.java:483)
	at org.apache.maven.surefire.util.ReflectionUtils.invokeMethodWithArray(ReflectionUtils.java:164)
	at org.apache.maven.surefire.booter.ProviderFactory$ProviderProxy.invoke(ProviderFactory.java:110)
	at org.apache.maven.surefire.booter.SurefireStarter.invokeProvider(SurefireStarter.java:175)
	at org.apache.maven.surefire.booter.SurefireStarter.runSuitesInProcessWhenForked(SurefireStarter.java:107)
	at org.apache.maven.surefire.booter.ForkedBooter.main(ForkedBooter.java:68)
05 Feb 2016 08:19:22,620 [main] ERROR org.activiti.engine.impl.db.DbSqlSession:809 - problem during schema create, statement &apos;create index ACT_IDX_HI_ACT_INST_START on ACT_HI_ACTINST(START_TIME_)
org.h2.jdbc.JdbcSQLException: Index &quot;ACT_IDX_HI_ACT_INST_START&quot; already exists; SQL statement:
create index ACT_IDX_HI_ACT_INST_START on ACT_HI_ACTINST(START_TIME_) [42111-132]
	at org.h2.message.DbException.getJdbcSQLException(DbException.java:316)
	at org.h2.message.DbException.get(DbException.java:167)
	at org.h2.message.DbException.get(DbException.java:144)
	at org.h2.command.ddl.CreateIndex.update(CreateIndex.java:75)
	at org.h2.command.CommandContainer.update(CommandContainer.java:70)
	at org.h2.command.Command.executeUpdate(Command.java:198)
	at org.h2.jdbc.JdbcStatement.executeInternal(JdbcStatement.java:176)
	at org.h2.jdbc.JdbcStatement.execute(JdbcStatement.java:151)
	at org.activiti.engine.impl.db.DbSqlSession.executeSchemaResource(DbSqlSession.java:802)
	at org.activiti.engine.impl.db.DbSqlSession.executeSchemaResource(DbSqlSession.java:755)
	at org.activiti.engine.impl.db.DbSqlSession.executeMandatorySchemaResource(DbSqlSession.java:618)
	at org.activiti.engine.impl.db.DbSqlSession.dbSchemaCreateHistory(DbSqlSession.java:587)
	at org.activiti.engine.impl.db.DbSqlSession.dbSchemaCreate(DbSqlSession.java:574)
	at org.activiti.engine.impl.db.DbSqlSession.performSchemaOperationsProcessEngineBuild(DbSqlSession.java:881)
	at org.activiti.engine.impl.SchemaOperationsProcessEngineBuild.execute(SchemaOperationsProcessEngineBuild.java:25)
	at org.activiti.engine.impl.interceptor.CommandExecutorImpl.execute(CommandExecutorImpl.java:24)
	at org.activiti.engine.impl.interceptor.CommandContextInterceptor.execute(CommandContextInterceptor.java:42)
	at org.activiti.engine.impl.interceptor.LogInterceptor.execute(LogInterceptor.java:33)
	at org.activiti.engine.impl.ProcessEngineImpl.&lt;init&gt;(ProcessEngineImpl.java:77)
	at org.activiti.engine.impl.cfg.ProcessEngineConfigurationImpl.buildProcessEngine(ProcessEngineConfigurationImpl.java:283)
	at org.bpmnwithactiviti.chapter4.api.RuntimeServiceTest.init(RuntimeServiceTest.java:27)
	at sun.reflect.NativeMethodAccessorImpl.invoke0(Native Method)
	at sun.reflect.NativeMethodAccessorImpl.invoke(NativeMethodAccessorImpl.java:62)
	at sun.reflect.DelegatingMethodAccessorImpl.invoke(DelegatingMethodAccessorImpl.java:43)
	at java.lang.reflect.Method.invoke(Method.java:483)
	at org.junit.runners.model.FrameworkMethod$1.runReflectiveCall(FrameworkMethod.java:44)
	at org.junit.internal.runners.model.ReflectiveCallable.run(ReflectiveCallable.java:15)
	at org.junit.runners.model.FrameworkMethod.invokeExplosively(FrameworkMethod.java:41)
	at org.junit.internal.runners.statements.RunBefores.evaluate(RunBefores.java:27)
	at org.junit.runners.ParentRunner.run(ParentRunner.java:236)
	at org.apache.maven.surefire.junit4.JUnit4TestSet.execute(JUnit4TestSet.java:53)
	at org.apache.maven.surefire.junit4.JUnit4Provider.executeTestSet(JUnit4Provider.java:123)
	at org.apache.maven.surefire.junit4.JUnit4Provider.invoke(JUnit4Provider.java:104)
	at sun.reflect.NativeMethodAccessorImpl.invoke0(Native Method)
	at sun.reflect.NativeMethodAccessorImpl.invoke(NativeMethodAccessorImpl.java:62)
	at sun.reflect.DelegatingMethodAccessorImpl.invoke(DelegatingMethodAccessorImpl.java:43)
	at java.lang.reflect.Method.invoke(Method.java:483)
	at org.apache.maven.surefire.util.ReflectionUtils.invokeMethodWithArray(ReflectionUtils.java:164)
	at org.apache.maven.surefire.booter.ProviderFactory$ProviderProxy.invoke(ProviderFactory.java:110)
	at org.apache.maven.surefire.booter.SurefireStarter.invokeProvider(SurefireStarter.java:175)
	at org.apache.maven.surefire.booter.SurefireStarter.runSuitesInProcessWhenForked(SurefireStarter.java:107)
	at org.apache.maven.surefire.booter.ForkedBooter.main(ForkedBooter.java:68)
05 Feb 2016 08:19:22,621 [main] ERROR org.activiti.engine.impl.db.DbSqlSession:809 - problem during schema create, statement &apos;create index ACT_IDX_HI_ACT_INST_END on ACT_HI_ACTINST(END_TIME_)
org.h2.jdbc.JdbcSQLException: Index &quot;ACT_IDX_HI_ACT_INST_END&quot; already exists; SQL statement:
create index ACT_IDX_HI_ACT_INST_END on ACT_HI_ACTINST(END_TIME_) [42111-132]
	at org.h2.message.DbException.getJdbcSQLException(DbException.java:316)
	at org.h2.message.DbException.get(DbException.java:167)
	at org.h2.message.DbException.get(DbException.java:144)
	at org.h2.command.ddl.CreateIndex.update(CreateIndex.java:75)
	at org.h2.command.CommandContainer.update(CommandContainer.java:70)
	at org.h2.command.Command.executeUpdate(Command.java:198)
	at org.h2.jdbc.JdbcStatement.executeInternal(JdbcStatement.java:176)
	at org.h2.jdbc.JdbcStatement.execute(JdbcStatement.java:151)
	at org.activiti.engine.impl.db.DbSqlSession.executeSchemaResource(DbSqlSession.java:802)
	at org.activiti.engine.impl.db.DbSqlSession.executeSchemaResource(DbSqlSession.java:755)
	at org.activiti.engine.impl.db.DbSqlSession.executeMandatorySchemaResource(DbSqlSession.java:618)
	at org.activiti.engine.impl.db.DbSqlSession.dbSchemaCreateHistory(DbSqlSession.java:587)
	at org.activiti.engine.impl.db.DbSqlSession.dbSchemaCreate(DbSqlSession.java:574)
	at org.activiti.engine.impl.db.DbSqlSession.performSchemaOperationsProcessEngineBuild(DbSqlSession.java:881)
	at org.activiti.engine.impl.SchemaOperationsProcessEngineBuild.execute(SchemaOperationsProcessEngineBuild.java:25)
	at org.activiti.engine.impl.interceptor.CommandExecutorImpl.execute(CommandExecutorImpl.java:24)
	at org.activiti.engine.impl.interceptor.CommandContextInterceptor.execute(CommandContextInterceptor.java:42)
	at org.activiti.engine.impl.interceptor.LogInterceptor.execute(LogInterceptor.java:33)
	at org.activiti.engine.impl.ProcessEngineImpl.&lt;init&gt;(ProcessEngineImpl.java:77)
	at org.activiti.engine.impl.cfg.ProcessEngineConfigurationImpl.buildProcessEngine(ProcessEngineConfigurationImpl.java:283)
	at org.bpmnwithactiviti.chapter4.api.RuntimeServiceTest.init(RuntimeServiceTest.java:27)
	at sun.reflect.NativeMethodAccessorImpl.invoke0(Native Method)
	at sun.reflect.NativeMethodAccessorImpl.invoke(NativeMethodAccessorImpl.java:62)
	at sun.reflect.DelegatingMethodAccessorImpl.invoke(DelegatingMethodAccessorImpl.java:43)
	at java.lang.reflect.Method.invoke(Method.java:483)
	at org.junit.runners.model.FrameworkMethod$1.runReflectiveCall(FrameworkMethod.java:44)
	at org.junit.internal.runners.model.ReflectiveCallable.run(ReflectiveCallable.java:15)
	at org.junit.runners.model.FrameworkMethod.invokeExplosively(FrameworkMethod.java:41)
	at org.junit.internal.runners.statements.RunBefores.evaluate(RunBefores.java:27)
	at org.junit.runners.ParentRunner.run(ParentRunner.java:236)
	at org.apache.maven.surefire.junit4.JUnit4TestSet.execute(JUnit4TestSet.java:53)
	at org.apache.maven.surefire.junit4.JUnit4Provider.executeTestSet(JUnit4Provider.java:123)
	at org.apache.maven.surefire.junit4.JUnit4Provider.invoke(JUnit4Provider.java:104)
	at sun.reflect.NativeMethodAccessorImpl.invoke0(Native Method)
	at sun.reflect.NativeMethodAccessorImpl.invoke(NativeMethodAccessorImpl.java:62)
	at sun.reflect.DelegatingMethodAccessorImpl.invoke(DelegatingMethodAccessorImpl.java:43)
	at java.lang.reflect.Method.invoke(Method.java:483)
	at org.apache.maven.surefire.util.ReflectionUtils.invokeMethodWithArray(ReflectionUtils.java:164)
	at org.apache.maven.surefire.booter.ProviderFactory$ProviderProxy.invoke(ProviderFactory.java:110)
	at org.apache.maven.surefire.booter.SurefireStarter.invokeProvider(SurefireStarter.java:175)
	at org.apache.maven.surefire.booter.SurefireStarter.runSuitesInProcessWhenForked(SurefireStarter.java:107)
	at org.apache.maven.surefire.booter.ForkedBooter.main(ForkedBooter.java:68)
05 Feb 2016 08:19:22,623 [main] ERROR org.activiti.engine.impl.db.DbSqlSession:809 - problem during schema create, statement &apos;create index ACT_IDX_HI_DETAIL_PROC_INST on ACT_HI_DETAIL(PROC_INST_ID_)
org.h2.jdbc.JdbcSQLException: Index &quot;ACT_IDX_HI_DETAIL_PROC_INST&quot; already exists; SQL statement:
create index ACT_IDX_HI_DETAIL_PROC_INST on ACT_HI_DETAIL(PROC_INST_ID_) [42111-132]
	at org.h2.message.DbException.getJdbcSQLException(DbException.java:316)
	at org.h2.message.DbException.get(DbException.java:167)
	at org.h2.message.DbException.get(DbException.java:144)
	at org.h2.command.ddl.CreateIndex.update(CreateIndex.java:75)
	at org.h2.command.CommandContainer.update(CommandContainer.java:70)
	at org.h2.command.Command.executeUpdate(Command.java:198)
	at org.h2.jdbc.JdbcStatement.executeInternal(JdbcStatement.java:176)
	at org.h2.jdbc.JdbcStatement.execute(JdbcStatement.java:151)
	at org.activiti.engine.impl.db.DbSqlSession.executeSchemaResource(DbSqlSession.java:802)
	at org.activiti.engine.impl.db.DbSqlSession.executeSchemaResource(DbSqlSession.java:755)
	at org.activiti.engine.impl.db.DbSqlSession.executeMandatorySchemaResource(DbSqlSession.java:618)
	at org.activiti.engine.impl.db.DbSqlSession.dbSchemaCreateHistory(DbSqlSession.java:587)
	at org.activiti.engine.impl.db.DbSqlSession.dbSchemaCreate(DbSqlSession.java:574)
	at org.activiti.engine.impl.db.DbSqlSession.performSchemaOperationsProcessEngineBuild(DbSqlSession.java:881)
	at org.activiti.engine.impl.SchemaOperationsProcessEngineBuild.execute(SchemaOperationsProcessEngineBuild.java:25)
	at org.activiti.engine.impl.interceptor.CommandExecutorImpl.execute(CommandExecutorImpl.java:24)
	at org.activiti.engine.impl.interceptor.CommandContextInterceptor.execute(CommandContextInterceptor.java:42)
	at org.activiti.engine.impl.interceptor.LogInterceptor.execute(LogInterceptor.java:33)
	at org.activiti.engine.impl.ProcessEngineImpl.&lt;init&gt;(ProcessEngineImpl.java:77)
	at org.activiti.engine.impl.cfg.ProcessEngineConfigurationImpl.buildProcessEngine(ProcessEngineConfigurationImpl.java:283)
	at org.bpmnwithactiviti.chapter4.api.RuntimeServiceTest.init(RuntimeServiceTest.java:27)
	at sun.reflect.NativeMethodAccessorImpl.invoke0(Native Method)
	at sun.reflect.NativeMethodAccessorImpl.invoke(NativeMethodAccessorImpl.java:62)
	at sun.reflect.DelegatingMethodAccessorImpl.invoke(DelegatingMethodAccessorImpl.java:43)
	at java.lang.reflect.Method.invoke(Method.java:483)
	at org.junit.runners.model.FrameworkMethod$1.runReflectiveCall(FrameworkMethod.java:44)
	at org.junit.internal.runners.model.ReflectiveCallable.run(ReflectiveCallable.java:15)
	at org.junit.runners.model.FrameworkMethod.invokeExplosively(FrameworkMethod.java:41)
	at org.junit.internal.runners.statements.RunBefores.evaluate(RunBefores.java:27)
	at org.junit.runners.ParentRunner.run(ParentRunner.java:236)
	at org.apache.maven.surefire.junit4.JUnit4TestSet.execute(JUnit4TestSet.java:53)
	at org.apache.maven.surefire.junit4.JUnit4Provider.executeTestSet(JUnit4Provider.java:123)
	at org.apache.maven.surefire.junit4.JUnit4Provider.invoke(JUnit4Provider.java:104)
	at sun.reflect.NativeMethodAccessorImpl.invoke0(Native Method)
	at sun.reflect.NativeMethodAccessorImpl.invoke(NativeMethodAccessorImpl.java:62)
	at sun.reflect.DelegatingMethodAccessorImpl.invoke(DelegatingMethodAccessorImpl.java:43)
	at java.lang.reflect.Method.invoke(Method.java:483)
	at org.apache.maven.surefire.util.ReflectionUtils.invokeMethodWithArray(ReflectionUtils.java:164)
	at org.apache.maven.surefire.booter.ProviderFactory$ProviderProxy.invoke(ProviderFactory.java:110)
	at org.apache.maven.surefire.booter.SurefireStarter.invokeProvider(SurefireStarter.java:175)
	at org.apache.maven.surefire.booter.SurefireStarter.runSuitesInProcessWhenForked(SurefireStarter.java:107)
	at org.apache.maven.surefire.booter.ForkedBooter.main(ForkedBooter.java:68)
05 Feb 2016 08:19:22,632 [main] ERROR org.activiti.engine.impl.db.DbSqlSession:809 - problem during schema create, statement &apos;create index ACT_IDX_HI_DETAIL_ACT_INST on ACT_HI_DETAIL(ACT_INST_ID_)
org.h2.jdbc.JdbcSQLException: Index &quot;ACT_IDX_HI_DETAIL_ACT_INST&quot; already exists; SQL statement:
create index ACT_IDX_HI_DETAIL_ACT_INST on ACT_HI_DETAIL(ACT_INST_ID_) [42111-132]
	at org.h2.message.DbException.getJdbcSQLException(DbException.java:316)
	at org.h2.message.DbException.get(DbException.java:167)
	at org.h2.message.DbException.get(DbException.java:144)
	at org.h2.command.ddl.CreateIndex.update(CreateIndex.java:75)
	at org.h2.command.CommandContainer.update(CommandContainer.java:70)
	at org.h2.command.Command.executeUpdate(Command.java:198)
	at org.h2.jdbc.JdbcStatement.executeInternal(JdbcStatement.java:176)
	at org.h2.jdbc.JdbcStatement.execute(JdbcStatement.java:151)
	at org.activiti.engine.impl.db.DbSqlSession.executeSchemaResource(DbSqlSession.java:802)
	at org.activiti.engine.impl.db.DbSqlSession.executeSchemaResource(DbSqlSession.java:755)
	at org.activiti.engine.impl.db.DbSqlSession.executeMandatorySchemaResource(DbSqlSession.java:618)
	at org.activiti.engine.impl.db.DbSqlSession.dbSchemaCreateHistory(DbSqlSession.java:587)
	at org.activiti.engine.impl.db.DbSqlSession.dbSchemaCreate(DbSqlSession.java:574)
	at org.activiti.engine.impl.db.DbSqlSession.performSchemaOperationsProcessEngineBuild(DbSqlSession.java:881)
	at org.activiti.engine.impl.SchemaOperationsProcessEngineBuild.execute(SchemaOperationsProcessEngineBuild.java:25)
	at org.activiti.engine.impl.interceptor.CommandExecutorImpl.execute(CommandExecutorImpl.java:24)
	at org.activiti.engine.impl.interceptor.CommandContextInterceptor.execute(CommandContextInterceptor.java:42)
	at org.activiti.engine.impl.interceptor.LogInterceptor.execute(LogInterceptor.java:33)
	at org.activiti.engine.impl.ProcessEngineImpl.&lt;init&gt;(ProcessEngineImpl.java:77)
	at org.activiti.engine.impl.cfg.ProcessEngineConfigurationImpl.buildProcessEngine(ProcessEngineConfigurationImpl.java:283)
	at org.bpmnwithactiviti.chapter4.api.RuntimeServiceTest.init(RuntimeServiceTest.java:27)
	at sun.reflect.NativeMethodAccessorImpl.invoke0(Native Method)
	at sun.reflect.NativeMethodAccessorImpl.invoke(NativeMethodAccessorImpl.java:62)
	at sun.reflect.DelegatingMethodAccessorImpl.invoke(DelegatingMethodAccessorImpl.java:43)
	at java.lang.reflect.Method.invoke(Method.java:483)
	at org.junit.runners.model.FrameworkMethod$1.runReflectiveCall(FrameworkMethod.java:44)
	at org.junit.internal.runners.model.ReflectiveCallable.run(ReflectiveCallable.java:15)
	at org.junit.runners.model.FrameworkMethod.invokeExplosively(FrameworkMethod.java:41)
	at org.junit.internal.runners.statements.RunBefores.evaluate(RunBefores.java:27)
	at org.junit.runners.ParentRunner.run(ParentRunner.java:236)
	at org.apache.maven.surefire.junit4.JUnit4TestSet.execute(JUnit4TestSet.java:53)
	at org.apache.maven.surefire.junit4.JUnit4Provider.executeTestSet(JUnit4Provider.java:123)
	at org.apache.maven.surefire.junit4.JUnit4Provider.invoke(JUnit4Provider.java:104)
	at sun.reflect.NativeMethodAccessorImpl.invoke0(Native Method)
	at sun.reflect.NativeMethodAccessorImpl.invoke(NativeMethodAccessorImpl.java:62)
	at sun.reflect.DelegatingMethodAccessorImpl.invoke(DelegatingMethodAccessorImpl.java:43)
	at java.lang.reflect.Method.invoke(Method.java:483)
	at org.apache.maven.surefire.util.ReflectionUtils.invokeMethodWithArray(ReflectionUtils.java:164)
	at org.apache.maven.surefire.booter.ProviderFactory$ProviderProxy.invoke(ProviderFactory.java:110)
	at org.apache.maven.surefire.booter.SurefireStarter.invokeProvider(SurefireStarter.java:175)
	at org.apache.maven.surefire.booter.SurefireStarter.runSuitesInProcessWhenForked(SurefireStarter.java:107)
	at org.apache.maven.surefire.booter.ForkedBooter.main(ForkedBooter.java:68)
05 Feb 2016 08:19:22,633 [main] ERROR org.activiti.engine.impl.db.DbSqlSession:809 - problem during schema create, statement &apos;create index ACT_IDX_HI_DETAIL_TIME on ACT_HI_DETAIL(TIME_)
org.h2.jdbc.JdbcSQLException: Index &quot;ACT_IDX_HI_DETAIL_TIME&quot; already exists; SQL statement:
create index ACT_IDX_HI_DETAIL_TIME on ACT_HI_DETAIL(TIME_) [42111-132]
	at org.h2.message.DbException.getJdbcSQLException(DbException.java:316)
	at org.h2.message.DbException.get(DbException.java:167)
	at org.h2.message.DbException.get(DbException.java:144)
	at org.h2.command.ddl.CreateIndex.update(CreateIndex.java:75)
	at org.h2.command.CommandContainer.update(CommandContainer.java:70)
	at org.h2.command.Command.executeUpdate(Command.java:198)
	at org.h2.jdbc.JdbcStatement.executeInternal(JdbcStatement.java:176)
	at org.h2.jdbc.JdbcStatement.execute(JdbcStatement.java:151)
	at org.activiti.engine.impl.db.DbSqlSession.executeSchemaResource(DbSqlSession.java:802)
	at org.activiti.engine.impl.db.DbSqlSession.executeSchemaResource(DbSqlSession.java:755)
	at org.activiti.engine.impl.db.DbSqlSession.executeMandatorySchemaResource(DbSqlSession.java:618)
	at org.activiti.engine.impl.db.DbSqlSession.dbSchemaCreateHistory(DbSqlSession.java:587)
	at org.activiti.engine.impl.db.DbSqlSession.dbSchemaCreate(DbSqlSession.java:574)
	at org.activiti.engine.impl.db.DbSqlSession.performSchemaOperationsProcessEngineBuild(DbSqlSession.java:881)
	at org.activiti.engine.impl.SchemaOperationsProcessEngineBuild.execute(SchemaOperationsProcessEngineBuild.java:25)
	at org.activiti.engine.impl.interceptor.CommandExecutorImpl.execute(CommandExecutorImpl.java:24)
	at org.activiti.engine.impl.interceptor.CommandContextInterceptor.execute(CommandContextInterceptor.java:42)
	at org.activiti.engine.impl.interceptor.LogInterceptor.execute(LogInterceptor.java:33)
	at org.activiti.engine.impl.ProcessEngineImpl.&lt;init&gt;(ProcessEngineImpl.java:77)
	at org.activiti.engine.impl.cfg.ProcessEngineConfigurationImpl.buildProcessEngine(ProcessEngineConfigurationImpl.java:283)
	at org.bpmnwithactiviti.chapter4.api.RuntimeServiceTest.init(RuntimeServiceTest.java:27)
	at sun.reflect.NativeMethodAccessorImpl.invoke0(Native Method)
	at sun.reflect.NativeMethodAccessorImpl.invoke(NativeMethodAccessorImpl.java:62)
	at sun.reflect.DelegatingMethodAccessorImpl.invoke(DelegatingMethodAccessorImpl.java:43)
	at java.lang.reflect.Method.invoke(Method.java:483)
	at org.junit.runners.model.FrameworkMethod$1.runReflectiveCall(FrameworkMethod.java:44)
	at org.junit.internal.runners.model.ReflectiveCallable.run(ReflectiveCallable.java:15)
	at org.junit.runners.model.FrameworkMethod.invokeExplosively(FrameworkMethod.java:41)
	at org.junit.internal.runners.statements.RunBefores.evaluate(RunBefores.java:27)
	at org.junit.runners.ParentRunner.run(ParentRunner.java:236)
	at org.apache.maven.surefire.junit4.JUnit4TestSet.execute(JUnit4TestSet.java:53)
	at org.apache.maven.surefire.junit4.JUnit4Provider.executeTestSet(JUnit4Provider.java:123)
	at org.apache.maven.surefire.junit4.JUnit4Provider.invoke(JUnit4Provider.java:104)
	at sun.reflect.NativeMethodAccessorImpl.invoke0(Native Method)
	at sun.reflect.NativeMethodAccessorImpl.invoke(NativeMethodAccessorImpl.java:62)
	at sun.reflect.DelegatingMethodAccessorImpl.invoke(DelegatingMethodAccessorImpl.java:43)
	at java.lang.reflect.Method.invoke(Method.java:483)
	at org.apache.maven.surefire.util.ReflectionUtils.invokeMethodWithArray(ReflectionUtils.java:164)
	at org.apache.maven.surefire.booter.ProviderFactory$ProviderProxy.invoke(ProviderFactory.java:110)
	at org.apache.maven.surefire.booter.SurefireStarter.invokeProvider(SurefireStarter.java:175)
	at org.apache.maven.surefire.booter.SurefireStarter.runSuitesInProcessWhenForked(SurefireStarter.java:107)
	at org.apache.maven.surefire.booter.ForkedBooter.main(ForkedBooter.java:68)
05 Feb 2016 08:19:22,647 [main] ERROR org.activiti.engine.impl.db.DbSqlSession:809 - problem during schema create, statement &apos;create index ACT_IDX_HI_DETAIL_NAME on ACT_HI_DETAIL(NAME_)
org.h2.jdbc.JdbcSQLException: Index &quot;ACT_IDX_HI_DETAIL_NAME&quot; already exists; SQL statement:
create index ACT_IDX_HI_DETAIL_NAME on ACT_HI_DETAIL(NAME_) [42111-132]
	at org.h2.message.DbException.getJdbcSQLException(DbException.java:316)
	at org.h2.message.DbException.get(DbException.java:167)
	at org.h2.message.DbException.get(DbException.java:144)
	at org.h2.command.ddl.CreateIndex.update(CreateIndex.java:75)
	at org.h2.command.CommandContainer.update(CommandContainer.java:70)
	at org.h2.command.Command.executeUpdate(Command.java:198)
	at org.h2.jdbc.JdbcStatement.executeInternal(JdbcStatement.java:176)
	at org.h2.jdbc.JdbcStatement.execute(JdbcStatement.java:151)
	at org.activiti.engine.impl.db.DbSqlSession.executeSchemaResource(DbSqlSession.java:802)
	at org.activiti.engine.impl.db.DbSqlSession.executeSchemaResource(DbSqlSession.java:755)
	at org.activiti.engine.impl.db.DbSqlSession.executeMandatorySchemaResource(DbSqlSession.java:618)
	at org.activiti.engine.impl.db.DbSqlSession.dbSchemaCreateHistory(DbSqlSession.java:587)
	at org.activiti.engine.impl.db.DbSqlSession.dbSchemaCreate(DbSqlSession.java:574)
	at org.activiti.engine.impl.db.DbSqlSession.performSchemaOperationsProcessEngineBuild(DbSqlSession.java:881)
	at org.activiti.engine.impl.SchemaOperationsProcessEngineBuild.execute(SchemaOperationsProcessEngineBuild.java:25)
	at org.activiti.engine.impl.interceptor.CommandExecutorImpl.execute(CommandExecutorImpl.java:24)
	at org.activiti.engine.impl.interceptor.CommandContextInterceptor.execute(CommandContextInterceptor.java:42)
	at org.activiti.engine.impl.interceptor.LogInterceptor.execute(LogInterceptor.java:33)
	at org.activiti.engine.impl.ProcessEngineImpl.&lt;init&gt;(ProcessEngineImpl.java:77)
	at org.activiti.engine.impl.cfg.ProcessEngineConfigurationImpl.buildProcessEngine(ProcessEngineConfigurationImpl.java:283)
	at org.bpmnwithactiviti.chapter4.api.RuntimeServiceTest.init(RuntimeServiceTest.java:27)
	at sun.reflect.NativeMethodAccessorImpl.invoke0(Native Method)
	at sun.reflect.NativeMethodAccessorImpl.invoke(NativeMethodAccessorImpl.java:62)
	at sun.reflect.DelegatingMethodAccessorImpl.invoke(DelegatingMethodAccessorImpl.java:43)
	at java.lang.reflect.Method.invoke(Method.java:483)
	at org.junit.runners.model.FrameworkMethod$1.runReflectiveCall(FrameworkMethod.java:44)
	at org.junit.internal.runners.model.ReflectiveCallable.run(ReflectiveCallable.java:15)
	at org.junit.runners.model.FrameworkMethod.invokeExplosively(FrameworkMethod.java:41)
	at org.junit.internal.runners.statements.RunBefores.evaluate(RunBefores.java:27)
	at org.junit.runners.ParentRunner.run(ParentRunner.java:236)
	at org.apache.maven.surefire.junit4.JUnit4TestSet.execute(JUnit4TestSet.java:53)
	at org.apache.maven.surefire.junit4.JUnit4Provider.executeTestSet(JUnit4Provider.java:123)
	at org.apache.maven.surefire.junit4.JUnit4Provider.invoke(JUnit4Provider.java:104)
	at sun.reflect.NativeMethodAccessorImpl.invoke0(Native Method)
	at sun.reflect.NativeMethodAccessorImpl.invoke(NativeMethodAccessorImpl.java:62)
	at sun.reflect.DelegatingMethodAccessorImpl.invoke(DelegatingMethodAccessorImpl.java:43)
	at java.lang.reflect.Method.invoke(Method.java:483)
	at org.apache.maven.surefire.util.ReflectionUtils.invokeMethodWithArray(ReflectionUtils.java:164)
	at org.apache.maven.surefire.booter.ProviderFactory$ProviderProxy.invoke(ProviderFactory.java:110)
	at org.apache.maven.surefire.booter.SurefireStarter.invokeProvider(SurefireStarter.java:175)
	at org.apache.maven.surefire.booter.SurefireStarter.runSuitesInProcessWhenForked(SurefireStarter.java:107)
	at org.apache.maven.surefire.booter.ForkedBooter.main(ForkedBooter.java:68)
05 Feb 2016 08:19:22,649 [main] ERROR org.activiti.engine.impl.db.DbSqlSession:809 - problem during schema create, statement &apos;alter table ACT_HI_PROCINST 
add constraint ACT_UNIQ_HI_BUS_KEY 
unique(PROC_DEF_ID_, BUSINESS_KEY_)
org.h2.jdbc.JdbcSQLException: Constraint &quot;ACT_UNIQ_HI_BUS_KEY&quot; already exists; SQL statement:
alter table ACT_HI_PROCINST 
add constraint ACT_UNIQ_HI_BUS_KEY 
unique(PROC_DEF_ID_, BUSINESS_KEY_) [90045-132]
	at org.h2.message.DbException.getJdbcSQLException(DbException.java:316)
	at org.h2.message.DbException.get(DbException.java:167)
	at org.h2.message.DbException.get(DbException.java:144)
	at org.h2.command.ddl.AlterTableAddConstraint.tryUpdate(AlterTableAddConstraint.java:106)
	at org.h2.command.ddl.AlterTableAddConstraint.update(AlterTableAddConstraint.java:87)
	at org.h2.command.CommandContainer.update(CommandContainer.java:70)
	at org.h2.command.Command.executeUpdate(Command.java:198)
	at org.h2.jdbc.JdbcStatement.executeInternal(JdbcStatement.java:176)
	at org.h2.jdbc.JdbcStatement.execute(JdbcStatement.java:151)
	at org.activiti.engine.impl.db.DbSqlSession.executeSchemaResource(DbSqlSession.java:802)
	at org.activiti.engine.impl.db.DbSqlSession.executeSchemaResource(DbSqlSession.java:755)
	at org.activiti.engine.impl.db.DbSqlSession.executeMandatorySchemaResource(DbSqlSession.java:618)
	at org.activiti.engine.impl.db.DbSqlSession.dbSchemaCreateHistory(DbSqlSession.java:587)
	at org.activiti.engine.impl.db.DbSqlSession.dbSchemaCreate(DbSqlSession.java:574)
	at org.activiti.engine.impl.db.DbSqlSession.performSchemaOperationsProcessEngineBuild(DbSqlSession.java:881)
	at org.activiti.engine.impl.SchemaOperationsProcessEngineBuild.execute(SchemaOperationsProcessEngineBuild.java:25)
	at org.activiti.engine.impl.interceptor.CommandExecutorImpl.execute(CommandExecutorImpl.java:24)
	at org.activiti.engine.impl.interceptor.CommandContextInterceptor.execute(CommandContextInterceptor.java:42)
	at org.activiti.engine.impl.interceptor.LogInterceptor.execute(LogInterceptor.java:33)
	at org.activiti.engine.impl.ProcessEngineImpl.&lt;init&gt;(ProcessEngineImpl.java:77)
	at org.activiti.engine.impl.cfg.ProcessEngineConfigurationImpl.buildProcessEngine(ProcessEngineConfigurationImpl.java:283)
	at org.bpmnwithactiviti.chapter4.api.RuntimeServiceTest.init(RuntimeServiceTest.java:27)
	at sun.reflect.NativeMethodAccessorImpl.invoke0(Native Method)
	at sun.reflect.NativeMethodAccessorImpl.invoke(NativeMethodAccessorImpl.java:62)
	at sun.reflect.DelegatingMethodAccessorImpl.invoke(DelegatingMethodAccessorImpl.java:43)
	at java.lang.reflect.Method.invoke(Method.java:483)
	at org.junit.runners.model.FrameworkMethod$1.runReflectiveCall(FrameworkMethod.java:44)
	at org.junit.internal.runners.model.ReflectiveCallable.run(ReflectiveCallable.java:15)
	at org.junit.runners.model.FrameworkMethod.invokeExplosively(FrameworkMethod.java:41)
	at org.junit.internal.runners.statements.RunBefores.evaluate(RunBefores.java:27)
	at org.junit.runners.ParentRunner.run(ParentRunner.java:236)
	at org.apache.maven.surefire.junit4.JUnit4TestSet.execute(JUnit4TestSet.java:53)
	at org.apache.maven.surefire.junit4.JUnit4Provider.executeTestSet(JUnit4Provider.java:123)
	at org.apache.maven.surefire.junit4.JUnit4Provider.invoke(JUnit4Provider.java:104)
	at sun.reflect.NativeMethodAccessorImpl.invoke0(Native Method)
	at sun.reflect.NativeMethodAccessorImpl.invoke(NativeMethodAccessorImpl.java:62)
	at sun.reflect.DelegatingMethodAccessorImpl.invoke(DelegatingMethodAccessorImpl.java:43)
	at java.lang.reflect.Method.invoke(Method.java:483)
	at org.apache.maven.surefire.util.ReflectionUtils.invokeMethodWithArray(ReflectionUtils.java:164)
	at org.apache.maven.surefire.booter.ProviderFactory$ProviderProxy.invoke(ProviderFactory.java:110)
	at org.apache.maven.surefire.booter.SurefireStarter.invokeProvider(SurefireStarter.java:175)
	at org.apache.maven.surefire.booter.SurefireStarter.runSuitesInProcessWhenForked(SurefireStarter.java:107)
	at org.apache.maven.surefire.booter.ForkedBooter.main(ForkedBooter.java:68)
05 Feb 2016 08:19:22,650 [main] ERROR org.activiti.engine.impl.interceptor.CommandContext:121 - Error while closing command context
org.activiti.engine.ActivitiException: couldn&apos;t create db schema: create table ACT_HI_PROCINST ( 
ID_ varchar(64) not null, 
PROC_INST_ID_ varchar(64) not null, 
BUSINESS_KEY_ varchar(255), 
PROC_DEF_ID_ varchar(64) not null, 
START_TIME_ timestamp not null, 
END_TIME_ timestamp, 
DURATION_ bigint, 
START_USER_ID_ varchar(255), 
START_ACT_ID_ varchar(255), 
END_ACT_ID_ varchar(255), 
SUPER_PROCESS_INSTANCE_ID_ varchar(64), 
DELETE_REASON_ varchar(4000), 
primary key (ID_), 
unique (PROC_INST_ID_) 
)
	at org.activiti.engine.impl.db.DbSqlSession.executeSchemaResource(DbSqlSession.java:828)
	at org.activiti.engine.impl.db.DbSqlSession.executeSchemaResource(DbSqlSession.java:755)
	at org.activiti.engine.impl.db.DbSqlSession.executeMandatorySchemaResource(DbSqlSession.java:618)
	at org.activiti.engine.impl.db.DbSqlSession.dbSchemaCreateHistory(DbSqlSession.java:587)
	at org.activiti.engine.impl.db.DbSqlSession.dbSchemaCreate(DbSqlSession.java:574)
	at org.activiti.engine.impl.db.DbSqlSession.performSchemaOperationsProcessEngineBuild(DbSqlSession.java:881)
	at org.activiti.engine.impl.SchemaOperationsProcessEngineBuild.execute(SchemaOperationsProcessEngineBuild.java:25)
	at org.activiti.engine.impl.interceptor.CommandExecutorImpl.execute(CommandExecutorImpl.java:24)
	at org.activiti.engine.impl.interceptor.CommandContextInterceptor.execute(CommandContextInterceptor.java:42)
	at org.activiti.engine.impl.interceptor.LogInterceptor.execute(LogInterceptor.java:33)
	at org.activiti.engine.impl.ProcessEngineImpl.&lt;init&gt;(ProcessEngineImpl.java:77)
	at org.activiti.engine.impl.cfg.ProcessEngineConfigurationImpl.buildProcessEngine(ProcessEngineConfigurationImpl.java:283)
	at org.bpmnwithactiviti.chapter4.api.RuntimeServiceTest.init(RuntimeServiceTest.java:27)
	at sun.reflect.NativeMethodAccessorImpl.invoke0(Native Method)
	at sun.reflect.NativeMethodAccessorImpl.invoke(NativeMethodAccessorImpl.java:62)
	at sun.reflect.DelegatingMethodAccessorImpl.invoke(DelegatingMethodAccessorImpl.java:43)
	at java.lang.reflect.Method.invoke(Method.java:483)
	at org.junit.runners.model.FrameworkMethod$1.runReflectiveCall(FrameworkMethod.java:44)
	at org.junit.internal.runners.model.ReflectiveCallable.run(ReflectiveCallable.java:15)
	at org.junit.runners.model.FrameworkMethod.invokeExplosively(FrameworkMethod.java:41)
	at org.junit.internal.runners.statements.RunBefores.evaluate(RunBefores.java:27)
	at org.junit.runners.ParentRunner.run(ParentRunner.java:236)
	at org.apache.maven.surefire.junit4.JUnit4TestSet.execute(JUnit4TestSet.java:53)
	at org.apache.maven.surefire.junit4.JUnit4Provider.executeTestSet(JUnit4Provider.java:123)
	at org.apache.maven.surefire.junit4.JUnit4Provider.invoke(JUnit4Provider.java:104)
	at sun.reflect.NativeMethodAccessorImpl.invoke0(Native Method)
	at sun.reflect.NativeMethodAccessorImpl.invoke(NativeMethodAccessorImpl.java:62)
	at sun.reflect.DelegatingMethodAccessorImpl.invoke(DelegatingMethodAccessorImpl.java:43)
	at java.lang.reflect.Method.invoke(Method.java:483)
	at org.apache.maven.surefire.util.ReflectionUtils.invokeMethodWithArray(ReflectionUtils.java:164)
	at org.apache.maven.surefire.booter.ProviderFactory$ProviderProxy.invoke(ProviderFactory.java:110)
	at org.apache.maven.surefire.booter.SurefireStarter.invokeProvider(SurefireStarter.java:175)
	at org.apache.maven.surefire.booter.SurefireStarter.runSuitesInProcessWhenForked(SurefireStarter.java:107)
	at org.apache.maven.surefire.booter.ForkedBooter.main(ForkedBooter.java:68)
Caused by: org.h2.jdbc.JdbcSQLException: Table &quot;ACT_HI_PROCINST&quot; already exists; SQL statement:
create table ACT_HI_PROCINST ( 
ID_ varchar(64) not null, 
PROC_INST_ID_ varchar(64) not null, 
BUSINESS_KEY_ varchar(255), 
PROC_DEF_ID_ varchar(64) not null, 
START_TIME_ timestamp not null, 
END_TIME_ timestamp, 
DURATION_ bigint, 
START_USER_ID_ varchar(255), 
START_ACT_ID_ varchar(255), 
END_ACT_ID_ varchar(255), 
SUPER_PROCESS_INSTANCE_ID_ varchar(64), 
DELETE_REASON_ varchar(4000), 
primary key (ID_), 
unique (PROC_INST_ID_) 
) [42101-132]
	at org.h2.message.DbException.getJdbcSQLException(DbException.java:316)
	at org.h2.message.DbException.get(DbException.java:167)
	at org.h2.message.DbException.get(DbException.java:144)
	at org.h2.command.ddl.CreateTable.update(CreateTable.java:106)
	at org.h2.command.CommandContainer.update(CommandContainer.java:70)
	at org.h2.command.Command.executeUpdate(Command.java:198)
	at org.h2.jdbc.JdbcStatement.executeInternal(JdbcStatement.java:176)
	at org.h2.jdbc.JdbcStatement.execute(JdbcStatement.java:151)
	at org.activiti.engine.impl.db.DbSqlSession.executeSchemaResource(DbSqlSession.java:802)
	... 33 more
</system-out>
  </testcase>
</testsuite>